(base) benjaminprudhomme@MacBook-Air solr % ./gradlew -Djavac.failOnWarnings=false test --tests org.apache.solr.search.DocSetPerf      

> Task :errorProneSkipped
WARNING: errorprone disabled (skipped on builds not running inside CI environments, pass -Pvalidation.errorprone=true to enable)

> Task :randomizationInfo
Running tests with randomization seed: tests.seed=6BE125406D802AB

FAILURE: Build failed with an exception.

* Where:
Script '/Users/benjaminprudhomme/OneDrive/Documents/CUNY/solr/gradle/testing/fail-on-no-tests.gradle' line: 56

* What went wrong:
No tests found for the given filters?

* Try:
> Run with --stacktrace option to get the stack trace.
> Run with --info or --debug option to get more log output.
> Get more help at https://help.gradle.org.

BUILD FAILED in 21s
141 actionable tasks: 58 executed, 83 up-to-date